[18:22:46] [REI-ReloadPlugins/ERROR] [REI] Failed to run end-reload task for reloadable [ServerDisplayRegistryImpl] in stage [END]
java.lang.NullPointerException: Cannot invoke "net.minecraft.server.MinecraftServer.getRecipeManager()" because the return value of "dev.architectury.utils.GameInstance.getServer()" is null
	at knot//me.shedaniel.rei.impl.common.registry.displays.ServerDisplayRegistryImpl.getAllSortedRecipes(ServerDisplayRegistryImpl.java:230)
	at knot//me.shedaniel.rei.impl.common.registry.displays.ServerDisplayRegistryImpl.fillRecipes(ServerDisplayRegistryImpl.java:216)
	at knot//me.shedaniel.rei.impl.common.registry.displays.ServerDisplayRegistryImpl.endReload(ServerDisplayRegistryImpl.java:209)
	at knot//me.shedaniel.rei.api.common.registry.Reloadable.endReload(Reloadable.java:47)
	at knot//me.shedaniel.rei.impl.common.plugins.PluginManagerImpl.reload(PluginManagerImpl.java:464)
	at knot//me.shedaniel.rei.impl.common.plugins.ReloadManagerImpl.reloadPlugins0(ReloadManagerImpl.java:155)
	at knot//me.shedaniel.rei.impl.common.plugins.ReloadManagerImpl.reloadPlugins0(ReloadManagerImpl.java:144)
	at knot//me.shedaniel.rei.impl.common.plugins.ReloadManagerImpl.lambda$reloadPlugins$7(ReloadManagerImpl.java:122)
	at java.base/java.util.concurrent.CompletableFuture$AsyncRun.run$$$capture(CompletableFuture.java:1804)
	at java.base/java.util.concurrent.CompletableFuture$AsyncRun.run(CompletableFuture.java)
	at --- Async.Stack.Trace --- (captured by IntelliJ IDEA debugger)
	at java.base/java.util.concurrent.CompletableFuture$AsyncRun.<init>(CompletableFuture.java:1790)
	at java.base/java.util.concurrent.CompletableFuture.asyncRunStage(CompletableFuture.java:1818)
	at java.base/java.util.concurrent.CompletableFuture.runAsync(CompletableFuture.java:2033)
	at knot//me.shedaniel.rei.impl.common.plugins.ReloadManagerImpl.reloadPlugins(ReloadManagerImpl.java:122)
	at knot//me.shedaniel.rei.RoughlyEnoughItemsCoreClient.reloadPlugins(RoughlyEnoughItemsCoreClient.java:501)
	at knot//me.shedaniel.rei.RoughlyEnoughItemsCoreClient.reloadPlugins(RoughlyEnoughItemsCoreClient.java:488)
	at knot//me.shedaniel.rei.RoughlyEnoughItemsCoreClient.lambda$registerEvents$9(RoughlyEnoughItemsCoreClient.java:318)
	at knot//net.minecraft.client.network.ClientPlayNetworkHandler.handler$zdj000$architectury$handleUpdateRecipes(ClientPlayNetworkHandler.java:3681)
	at knot//net.minecraft.client.network.ClientPlayNetworkHandler.onSynchronizeRecipes(ClientPlayNetworkHandler.java:1551)
	at knot//net.minecraft.network.packet.s2c.play.SynchronizeRecipesS2CPacket.apply(SynchronizeRecipesS2CPacket.java:36)
	at knot//net.minecraft.network.packet.s2c.play.SynchronizeRecipesS2CPacket.apply(SynchronizeRecipesS2CPacket.java:19)
	at knot//net.minecraft.network.NetworkThreadUtils.method_11072(NetworkThreadUtils.java:27)
	at knot//net.minecraft.util.thread.ThreadExecutor.executeTask(ThreadExecutor.java:164)
	at knot//net.minecraft.util.thread.ReentrantThreadExecutor.executeTask(ReentrantThreadExecutor.java:23)
	at knot//net.minecraft.util.thread.ThreadExecutor.runTask(ThreadExecutor.java:138)
	at knot//net.minecraft.util.thread.ThreadExecutor.runTasks(ThreadExecutor.java:123)
	at knot//net.minecraft.client.MinecraftClient.render(MinecraftClient.java:1307)
	at knot//net.minecraft.client.MinecraftClient.run(MinecraftClient.java:933)
	at knot//net.minecraft.client.main.Main.main(Main.java:265)
	at net.fabricmc.loader.impl.game.minecraft.MinecraftGameProvider.launch(MinecraftGameProvider.java:480)
	at net.fabricmc.loader.impl.launch.knot.Knot.launch(Knot.java:74)
	at net.fabricmc.loader.impl.launch.knot.KnotClient.main(KnotClient.java:23)
	at net.fabricmc.devlaunchinjector.Main.main(Main.java:86)
[18:23:26] [REI-AsyncSearchManager-2/ERROR] [REI] Error while searching
java.util.concurrent.CompletionException: java.util.concurrent.CancellationException
	at java.base/java.util.concurrent.CompletableFuture.encodeThrowable(CompletableFuture.java:315)
	at java.base/java.util.concurrent.CompletableFuture.completeThrowable(CompletableFuture.java:320)
	at java.base/java.util.concurrent.CompletableFuture$AsyncSupply.run$$$capture(CompletableFuture.java:1770)
	at java.base/java.util.concurrent.CompletableFuture$AsyncSupply.run(CompletableFuture.java)
	at --- Async.Stack.Trace --- (captured by IntelliJ IDEA debugger)
	at java.base/java.util.concurrent.CompletableFuture$AsyncSupply.<init>(CompletableFuture.java:1754)
	at java.base/java.util.concurrent.CompletableFuture.asyncSupplyStage(CompletableFuture.java:1782)
	at java.base/java.util.concurrent.CompletableFuture.supplyAsync(CompletableFuture.java:2005)
	at knot//me.shedaniel.rei.impl.client.search.AsyncSearchManager.get(AsyncSearchManager.java:150)
	at knot//me.shedaniel.rei.impl.client.search.AsyncSearchManager.get(AsyncSearchManager.java:122)
	at knot//me.shedaniel.rei.impl.client.search.AsyncSearchManager.getAsync(AsyncSearchManager.java:96)
	at knot//me.shedaniel.rei.impl.client.gui.widget.entrylist.EntryListSearchManager.update(EntryListSearchManager.java:82)
	at knot//me.shedaniel.rei.impl.client.gui.widget.entrylist.EntryListWidget.updateSearch(EntryListWidget.java:280)
	at knot//me.shedaniel.rei.impl.client.gui.ScreenOverlayImpl.lambda$init$0(ScreenOverlayImpl.java:180)
	at java.base/java.util.function.Consumer.lambda$andThen$0(Consumer.java:65)
	at knot//me.shedaniel.rei.impl.client.gui.widget.basewidgets.TextFieldWidget.onChanged(TextFieldWidget.java:166)
	at knot//me.shedaniel.rei.impl.client.gui.widget.basewidgets.TextFieldWidget.addText(TextFieldWidget.java:160)
	at knot//me.shedaniel.rei.impl.client.gui.widget.basewidgets.TextFieldWidget.charTyped(TextFieldWidget.java:359)
	at knot//me.shedaniel.rei.impl.client.gui.widget.search.OverlaySearchField.charTyped(OverlaySearchField.java:350)
	at knot//me.shedaniel.rei.impl.client.gui.ScreenOverlayImpl.charTyped(ScreenOverlayImpl.java:446)
	at knot//me.shedaniel.rei.RoughlyEnoughItemsCoreClient.lambda$registerEvents$23(RoughlyEnoughItemsCoreClient.java:425)
	at knot//dev.architectury.impl.fabric.ScreenInputDelegate$DelegateScreen.charTyped(ScreenInputDelegate.java:40)
	at knot//net.minecraft.client.Keyboard.mixinextras$bridge$charTyped$33(Keyboard.java)
	at knot//net.minecraft.client.Keyboard.wrapOperation$zdo000$architectury$wrapCharTyped(Keyboard.java:667)
	at knot//net.minecraft.client.Keyboard.onChar(Keyboard.java:508)
	at knot//net.minecraft.client.Keyboard.method_22677(Keyboard.java:528)
	at knot//net.minecraft.util.thread.ThreadExecutor.execute(ThreadExecutor.java:110)
	at knot//net.minecraft.client.Keyboard.method_22675(Keyboard.java:528)
	at knot//org.lwjgl.glfw.GLFWCharModsCallbackI.callback(GLFWCharModsCallbackI.java:46)
	at knot//org.lwjgl.system.JNI.invokeV(Native Method)
	at knot//org.lwjgl.glfw.GLFW.glfwPollEvents(GLFW.java:3438)
	at knot//com.mojang.blaze3d.systems.RenderSystem.pollEvents(RenderSystem.java:149)
	at knot//com.mojang.blaze3d.systems.RenderSystem.flipFrame(RenderSystem.java:160)
	at knot//net.minecraft.client.util.Window.swapBuffers(Window.java:314)
	at knot//net.minecraft.client.MinecraftClient.render(MinecraftClient.java:1370)
	at knot//net.minecraft.client.MinecraftClient.run(MinecraftClient.java:933)
	at knot//net.minecraft.client.main.Main.main(Main.java:265)
	at net.fabricmc.loader.impl.game.minecraft.MinecraftGameProvider.launch(MinecraftGameProvider.java:480)
	at net.fabricmc.loader.impl.launch.knot.Knot.launch(Knot.java:74)
	at net.fabricmc.loader.impl.launch.knot.KnotClient.main(KnotClient.java:23)
	at net.fabricmc.devlaunchinjector.Main.main(Main.java:86)
Caused by: java.util.concurrent.CancellationException
	at knot//me.shedaniel.rei.impl.client.search.AsyncSearchManager.lambda$get$3(AsyncSearchManager.java:157)
	at java.base/java.util.concurrent.CompletableFuture$AsyncSupply.run$$$capture(CompletableFuture.java:1768)
	... 38 more
[18:38:37] [REI-ReloadPlugins/ERROR] [REI] Failed to run end-reload task for reloadable [ServerDisplayRegistryImpl] in stage [END]
java.lang.NullPointerException: Cannot invoke "net.minecraft.server.MinecraftServer.getRecipeManager()" because the return value of "dev.architectury.utils.GameInstance.getServer()" is null
	at knot//me.shedaniel.rei.impl.common.registry.displays.ServerDisplayRegistryImpl.getAllSortedRecipes(ServerDisplayRegistryImpl.java:230)
	at knot//me.shedaniel.rei.impl.common.registry.displays.ServerDisplayRegistryImpl.fillRecipes(ServerDisplayRegistryImpl.java:216)
	at knot//me.shedaniel.rei.impl.common.registry.displays.ServerDisplayRegistryImpl.endReload(ServerDisplayRegistryImpl.java:209)
	at knot//me.shedaniel.rei.api.common.registry.Reloadable.endReload(Reloadable.java:47)
	at knot//me.shedaniel.rei.impl.common.plugins.PluginManagerImpl.reload(PluginManagerImpl.java:464)
	at knot//me.shedaniel.rei.impl.common.plugins.ReloadManagerImpl.reloadPlugins0(ReloadManagerImpl.java:155)
	at knot//me.shedaniel.rei.impl.common.plugins.ReloadManagerImpl.reloadPlugins0(ReloadManagerImpl.java:144)
	at knot//me.shedaniel.rei.impl.common.plugins.ReloadManagerImpl.lambda$reloadPlugins$7(ReloadManagerImpl.java:122)
	at java.base/java.util.concurrent.CompletableFuture$AsyncRun.run$$$capture(CompletableFuture.java:1804)
	at java.base/java.util.concurrent.CompletableFuture$AsyncRun.run(CompletableFuture.java)
	at --- Async.Stack.Trace --- (captured by IntelliJ IDEA debugger)
	at java.base/java.util.concurrent.CompletableFuture$AsyncRun.<init>(CompletableFuture.java:1790)
	at java.base/java.util.concurrent.CompletableFuture.asyncRunStage(CompletableFuture.java:1818)
	at java.base/java.util.concurrent.CompletableFuture.runAsync(CompletableFuture.java:2033)
	at knot//me.shedaniel.rei.impl.common.plugins.ReloadManagerImpl.reloadPlugins(ReloadManagerImpl.java:122)
	at knot//me.shedaniel.rei.RoughlyEnoughItemsCoreClient.reloadPlugins(RoughlyEnoughItemsCoreClient.java:501)
	at knot//me.shedaniel.rei.RoughlyEnoughItemsCoreClient.reloadPlugins(RoughlyEnoughItemsCoreClient.java:488)
	at knot//me.shedaniel.rei.RoughlyEnoughItemsCoreClient.lambda$registerEvents$9(RoughlyEnoughItemsCoreClient.java:318)
	at knot//net.minecraft.client.network.ClientPlayNetworkHandler.handler$zdj000$architectury$handleUpdateRecipes(ClientPlayNetworkHandler.java:3681)
	at knot//net.minecraft.client.network.ClientPlayNetworkHandler.onSynchronizeRecipes(ClientPlayNetworkHandler.java:1551)
	at knot//net.minecraft.network.packet.s2c.play.SynchronizeRecipesS2CPacket.apply(SynchronizeRecipesS2CPacket.java:36)
	at knot//net.minecraft.network.packet.s2c.play.SynchronizeRecipesS2CPacket.apply(SynchronizeRecipesS2CPacket.java:19)
	at knot//net.minecraft.network.NetworkThreadUtils.method_11072(NetworkThreadUtils.java:27)
	at knot//net.minecraft.util.thread.ThreadExecutor.executeTask(ThreadExecutor.java:164)
	at knot//net.minecraft.util.thread.ReentrantThreadExecutor.executeTask(ReentrantThreadExecutor.java:23)
	at knot//net.minecraft.util.thread.ThreadExecutor.runTask(ThreadExecutor.java:138)
	at knot//net.minecraft.util.thread.ThreadExecutor.runTasks(ThreadExecutor.java:123)
	at knot//net.minecraft.client.MinecraftClient.render(MinecraftClient.java:1307)
	at knot//net.minecraft.client.MinecraftClient.run(MinecraftClient.java:933)
	at knot//net.minecraft.client.main.Main.main(Main.java:265)
	at net.fabricmc.loader.impl.game.minecraft.MinecraftGameProvider.launch(MinecraftGameProvider.java:480)
	at net.fabricmc.loader.impl.launch.knot.Knot.launch(Knot.java:74)
	at net.fabricmc.loader.impl.launch.knot.KnotClient.main(KnotClient.java:23)
	at net.fabricmc.devlaunchinjector.Main.main(Main.java:86)
[18:40:16] [REI-ReloadPlugins/ERROR] [REI] Failed to run end-reload task for reloadable [ServerDisplayRegistryImpl] in stage [END]
java.lang.NullPointerException: Cannot invoke "net.minecraft.server.MinecraftServer.getRecipeManager()" because the return value of "dev.architectury.utils.GameInstance.getServer()" is null
	at knot//me.shedaniel.rei.impl.common.registry.displays.ServerDisplayRegistryImpl.getAllSortedRecipes(ServerDisplayRegistryImpl.java:230)
	at knot//me.shedaniel.rei.impl.common.registry.displays.ServerDisplayRegistryImpl.fillRecipes(ServerDisplayRegistryImpl.java:216)
	at knot//me.shedaniel.rei.impl.common.registry.displays.ServerDisplayRegistryImpl.endReload(ServerDisplayRegistryImpl.java:209)
	at knot//me.shedaniel.rei.api.common.registry.Reloadable.endReload(Reloadable.java:47)
	at knot//me.shedaniel.rei.impl.common.plugins.PluginManagerImpl.reload(PluginManagerImpl.java:464)
	at knot//me.shedaniel.rei.impl.common.plugins.ReloadManagerImpl.reloadPlugins0(ReloadManagerImpl.java:155)
	at knot//me.shedaniel.rei.impl.common.plugins.ReloadManagerImpl.reloadPlugins0(ReloadManagerImpl.java:144)
	at knot//me.shedaniel.rei.impl.common.plugins.ReloadManagerImpl.lambda$reloadPlugins$7(ReloadManagerImpl.java:122)
	at java.base/java.util.concurrent.CompletableFuture$AsyncRun.run$$$capture(CompletableFuture.java:1804)
	at java.base/java.util.concurrent.CompletableFuture$AsyncRun.run(CompletableFuture.java)
	at --- Async.Stack.Trace --- (captured by IntelliJ IDEA debugger)
	at java.base/java.util.concurrent.CompletableFuture$AsyncRun.<init>(CompletableFuture.java:1790)
	at java.base/java.util.concurrent.CompletableFuture.asyncRunStage(CompletableFuture.java:1818)
	at java.base/java.util.concurrent.CompletableFuture.runAsync(CompletableFuture.java:2033)
	at knot//me.shedaniel.rei.impl.common.plugins.ReloadManagerImpl.reloadPlugins(ReloadManagerImpl.java:122)
	at knot//me.shedaniel.rei.RoughlyEnoughItemsCoreClient.reloadPlugins(RoughlyEnoughItemsCoreClient.java:501)
	at knot//me.shedaniel.rei.RoughlyEnoughItemsCoreClient.reloadPlugins(RoughlyEnoughItemsCoreClient.java:488)
	at knot//me.shedaniel.rei.RoughlyEnoughItemsCoreClient.lambda$registerEvents$9(RoughlyEnoughItemsCoreClient.java:318)
	at knot//net.minecraft.client.network.ClientPlayNetworkHandler.handler$zdj000$architectury$handleUpdateRecipes(ClientPlayNetworkHandler.java:3681)
	at knot//net.minecraft.client.network.ClientPlayNetworkHandler.onSynchronizeRecipes(ClientPlayNetworkHandler.java:1551)
	at knot//net.minecraft.network.packet.s2c.play.SynchronizeRecipesS2CPacket.apply(SynchronizeRecipesS2CPacket.java:36)
	at knot//net.minecraft.network.packet.s2c.play.SynchronizeRecipesS2CPacket.apply(SynchronizeRecipesS2CPacket.java:19)
	at knot//net.minecraft.network.NetworkThreadUtils.method_11072(NetworkThreadUtils.java:27)
	at knot//net.minecraft.util.thread.ThreadExecutor.executeTask(ThreadExecutor.java:164)
	at knot//net.minecraft.util.thread.ReentrantThreadExecutor.executeTask(ReentrantThreadExecutor.java:23)
	at knot//net.minecraft.util.thread.ThreadExecutor.runTask(ThreadExecutor.java:138)
	at knot//net.minecraft.util.thread.ThreadExecutor.runTasks(ThreadExecutor.java:123)
	at knot//net.minecraft.client.MinecraftClient.render(MinecraftClient.java:1307)
	at knot//net.minecraft.client.MinecraftClient.run(MinecraftClient.java:933)
	at knot//net.minecraft.client.main.Main.main(Main.java:265)
	at net.fabricmc.loader.impl.game.minecraft.MinecraftGameProvider.launch(MinecraftGameProvider.java:480)
	at net.fabricmc.loader.impl.launch.knot.Knot.launch(Knot.java:74)
	at net.fabricmc.loader.impl.launch.knot.KnotClient.main(KnotClient.java:23)
	at net.fabricmc.devlaunchinjector.Main.main(Main.java:86)
